<?xml version="1.0" encoding="UTF-8"?>
<!-- Generated by org.testng.reporters.JUnitReportReporter -->
<testsuite hostname="nbrmurthy8" name="test.YahooRegistrationTest" tests="3" failures="0" timestamp="15 Nov 2014 07:49:47 GMT" time="0.002" errors="0">
  <testcase name="testRegister" time="0.000" classname="test.YahooRegistrationTest"/>
  <testcase name="testRegister" time="0.001" classname="test.YahooRegistrationTest"/>
  <testcase name="testRegister" time="0.001" classname="test.YahooRegistrationTest"/>
</testsuite> <!-- test.YahooRegistrationTest -->
