<?xml version="1.0" encoding="UTF-8"?>
<!-- Generated by org.testng.reporters.JUnitReportReporter -->
<testsuite hostname="nbrmurthy8" name="SampleTest" tests="3" failures="0" timestamp="14 Nov 2014 06:38:14 GMT" time="0.014" errors="0">
  <testcase name="testDP" time="0.001" classname="SampleTest"/>
  <testcase name="testDP" time="0.012" classname="SampleTest"/>
  <testcase name="testDP" time="0.001" classname="SampleTest"/>
</testsuite> <!-- SampleTest -->
