<?xml version="1.0" encoding="UTF-8"?>
<!-- Generated by org.testng.reporters.JUnitReportReporter -->
<testsuite hostname="nbrmurthy8" name="usage.multipleproviders.MyTests" tests="7" failures="0" timestamp="14 Nov 2014 07:10:36 GMT" time="0.017" errors="0">
  <testcase name="testRegistrationTest" time="0.001" classname="usage.multipleproviders.MyTests"/>
  <testcase name="testLoginTest" time="0.011" classname="usage.multipleproviders.MyTests"/>
  <testcase name="testLoginTest" time="0.001" classname="usage.multipleproviders.MyTests"/>
  <testcase name="testLoginTest" time="0.001" classname="usage.multipleproviders.MyTests"/>
  <testcase name="testRegistrationTest" time="0.001" classname="usage.multipleproviders.MyTests"/>
  <testcase name="testRegistrationTest" time="0.001" classname="usage.multipleproviders.MyTests"/>
  <testcase name="testRegistrationTest" time="0.001" classname="usage.multipleproviders.MyTests"/>
</testsuite> <!-- usage.multipleproviders.MyTests -->
