<?xml version="1.0" encoding="UTF-8"?>
<!-- Generated by org.testng.reporters.JUnitReportReporter -->
<testsuite hostname="nbrmurthy8" name="test.YahooNewsTest" tests="1" failures="0" timestamp="15 Nov 2014 07:49:47 GMT" time="0.003" errors="0">
  <testcase name="testNews" time="0.003" classname="test.YahooNewsTest"/>
</testsuite> <!-- test.YahooNewsTest -->
